<?xml version="1.0" encoding="UTF-8"?>
<!-- Generated by org.testng.reporters.JUnitReportReporter -->
<testsuite hostname="EPUAKHAW0472" name="framework.test.AppTest" tests="1" failures="0" timestamp="12 Nov 2013 14:17:23 GMT" time="0,016" errors="0">
  <testcase name="testApp" time="0,016" classname="framework.test.AppTest"/>
</testsuite>
